<?xml version='1.0' encoding='UTF-8'?>
<!DOCTYPE coverage SYSTEM 'http://cobertura.sourceforge.net/xml/coverage-04.dtd'>
<coverage line-rate="0.5" branch-rate="1.0" lines-covered="10" lines-valid="20" branches-covered="4" branches-valid="4" complexity="0.0" timestamp="1696964353" version="gcovr 4.2"><sources><source>/home/shivam/Shunya/Root/umd-coursework/Software-Development-Robotics/Test-Driven-Development/cpp-boilerplate-v2</source></sources><packages><package name="app" line-rate="1.0" branch-rate="1.0" complexity="0.0"><classes><class name="main_cpp" filename="app/main.cpp" line-rate="1.0" branch-rate="1.0" complexity="0.0"><methods/><lines><line number="4" hits="1" branch="false"/><line number="5" hits="1" branch="false"/><line number="6" hits="1" branch="true" condition-coverage="100% (1/1)"><conditions><condition number="0" type="jump" coverage="100%"/></conditions></line><line number="7" hits="1" branch="true" condition-coverage="100% (3/3)"><conditions><condition number="0" type="jump" coverage="100%"/></conditions></line><line number="8" hits="1" branch="false"/></lines></class></classes></package><package name="include" line-rate="0.0" branch-rate="0.0" complexity="0.0"><classes><class name="lib_hpp" filename="include/lib.hpp" line-rate="0.0" branch-rate="0.0" complexity="0.0"><methods/><lines><line number="5" hits="0" branch="false"/><line number="6" hits="0" branch="false"/></lines></class></classes></package><package name="libs.lib1" line-rate="0.0" branch-rate="0.0" complexity="0.0"><classes><class name="src_cpp" filename="libs/lib1/src.cpp" line-rate="0.0" branch-rate="0.0" complexity="0.0"><methods/><lines><line number="1" hits="0" branch="false"/><line number="3" hits="0" branch="false"/></lines></class></classes></package><package name="libs.lib2" line-rate="0.0" branch-rate="0.0" complexity="0.0"><classes><class name="src_cpp" filename="libs/lib2/src.cpp" line-rate="0.0" branch-rate="0.0" complexity="0.0"><methods/><lines><line number="1" hits="0" branch="false"/><line number="3" hits="0" branch="false"/></lines></class></classes></package><package name="libs.lib3" line-rate="0.5555555555555556" branch-rate="0.0" complexity="0.0"><classes><class name="PID_hpp" filename="libs/lib3/PID.hpp" line-rate="1.0" branch-rate="0.0" complexity="0.0"><methods/><lines><line number="16" hits="1" branch="false"/><line number="17" hits="1" branch="false"/><line number="18" hits="1" branch="false"/></lines></class><class name="src_cpp" filename="libs/lib3/src.cpp" line-rate="0.3333333333333333" branch-rate="0.0" complexity="0.0"><methods/><lines><line number="3" hits="1" branch="false"/><line number="4" hits="1" branch="false"/><line number="7" hits="0" branch="false"/><line number="8" hits="0" branch="false"/><line number="11" hits="0" branch="false"/><line number="12" hits="0" branch="false"/></lines></class></classes></package></packages></coverage>